2021-07-02T07:59:09+00:00 CRITICAL Uncaught Error: Call to a member function add_product() on string in C:\wamp64\www\worpress_cansateam\wordpress\wp-content\themes\project\checkout.php:24
Stack trace:
#0 C:\wamp64\www\worpress_cansateam\wordpress\wp-includes\template-loader.php(106): include()
#1 C:\wamp64\www\worpress_cansateam\wordpress\wp-blog-header.php(19): require_once('C:\\wamp64\\www\\w...')
#2 C:\wamp64\www\worpress_cansateam\wordpress\index.php(17): require('C:\\wamp64\\www\\w...')
#3 {main}
  thrown in C:\wamp64\www\worpress_cansateam\wordpress\wp-content\themes\project\checkout.php on line 24

2021-07-02T09:12:47+00:00 CRITICAL Uncaught Error: Call to a member function get_image_id() on array in C:\wamp64\www\worpress_cansateam\wordpress\wp-content\themes\project\category-product.php:239
Stack trace:
#0 C:\wamp64\www\worpress_cansateam\wordpress\wp-includes\template-loader.php(106): include()
#1 C:\wamp64\www\worpress_cansateam\wordpress\wp-blog-header.php(19): require_once('C:\\wamp64\\www\\w...')
#2 C:\wamp64\www\worpress_cansateam\wordpress\index.php(17): require('C:\\wamp64\\www\\w...')
#3 {main}
  thrown in C:\wamp64\www\worpress_cansateam\wordpress\wp-content\themes\project\category-product.php on line 239

2021-07-02T10:37:41+00:00 CRITICAL Uncaught Error: Call to a member function get_average_rating() on null in C:\wamp64\www\worpress_cansateam\wordpress\wp-content\plugins\woocommerce\templates\loop\rating.php:28
Stack trace:
#0 C:\wamp64\www\worpress_cansateam\wordpress\wp-content\plugins\woocommerce\includes\wc-core-functions.php(345): include()
#1 C:\wamp64\www\worpress_cansateam\wordpress\wp-content\plugins\woocommerce\includes\wc-template-functions.php(1339): wc_get_template('loop/rating.php')
#2 C:\wamp64\www\worpress_cansateam\wordpress\wp-content\themes\project\header.php(6): woocommerce_template_loop_rating()
#3 C:\wamp64\www\worpress_cansateam\wordpress\wp-includes\template.php(730): require_once('C:\\wamp64\\www\\w...')
#4 C:\wamp64\www\worpress_cansateam\wordpress\wp-includes\template.php(676): load_template('C:\\wamp64\\www\\w...', true, Array)
#5 C:\wamp64\www\worpress_cansateam\wordpress\wp-includes\general-template.php(48): locate_template(Array, true, true, Array)
#6 C:\wamp64\www\worpress_cansateam\wordpress\wp-content\themes\ in C:\wamp64\www\worpress_cansateam\wordpress\wp-content\plugins\woocommerce\templates\loop\rating.php on line 28

2021-07-02T10:47:15+00:00 CRITICAL Uncaught Error: Call to a member function get_rating_count() on null in C:\wamp64\www\worpress_cansateam\wordpress\wp-content\plugins\woocommerce\templates\single-product\rating.php:28
Stack trace:
#0 C:\wamp64\www\worpress_cansateam\wordpress\wp-content\plugins\woocommerce\includes\wc-core-functions.php(345): include()
#1 C:\wamp64\www\worpress_cansateam\wordpress\wp-content\themes\project\header.php(6): wc_get_template('single-product/...')
#2 C:\wamp64\www\worpress_cansateam\wordpress\wp-includes\template.php(730): require_once('C:\\wamp64\\www\\w...')
#3 C:\wamp64\www\worpress_cansateam\wordpress\wp-includes\template.php(676): load_template('C:\\wamp64\\www\\w...', true, Array)
#4 C:\wamp64\www\worpress_cansateam\wordpress\wp-includes\general-template.php(48): locate_template(Array, true, true, Array)
#5 C:\wamp64\www\worpress_cansateam\wordpress\wp-content\themes\project\index.php(1): get_header()
#6 C:\wamp64\www\worpress_cansateam\wordpress\wp-includes\template-loader.php(106): include('C:\\wamp64\\www in C:\wamp64\www\worpress_cansateam\wordpress\wp-content\plugins\woocommerce\templates\single-product\rating.php on line 28

2021-07-02T10:49:51+00:00 CRITICAL Uncaught Error: Call to undefined function wc_single_product_ratings() in C:\wamp64\www\worpress_cansateam\wordpress\wp-content\themes\project\header.php:6
Stack trace:
#0 C:\wamp64\www\worpress_cansateam\wordpress\wp-includes\template.php(730): require_once()
#1 C:\wamp64\www\worpress_cansateam\wordpress\wp-includes\template.php(676): load_template('C:\\wamp64\\www\\w...', true, Array)
#2 C:\wamp64\www\worpress_cansateam\wordpress\wp-includes\general-template.php(48): locate_template(Array, true, true, Array)
#3 C:\wamp64\www\worpress_cansateam\wordpress\wp-content\themes\project\index.php(1): get_header()
#4 C:\wamp64\www\worpress_cansateam\wordpress\wp-includes\template-loader.php(106): include('C:\\wamp64\\www\\w...')
#5 C:\wamp64\www\worpress_cansateam\wordpress\wp-blog-header.php(19): require_once('C:\\wamp64\\www\\w...')
#6 C:\wamp64\www\worpress_cansateam\wordpress\index.php(17): require('C:\\wamp64\\www\\w...')
#7 {main}
  thrown in C:\wamp64\www\worpress_cansateam\wordpress\wp-content\themes\project\header.php on line 6

