2021-06-17T10:59:25+00:00 CRITICAL syntax error, unexpected ')' in C:\wamp64\www\worpress_cansateam\wordpress\wp-content\themes\project\single-product.php on line 274

2021-06-17T13:49:36+00:00 CRITICAL syntax error, unexpected ')' in C:\wamp64\www\worpress_cansateam\wordpress\wp-content\themes\project\single-product.php on line 12

2021-06-17T18:53:50+00:00 CRITICAL Uncaught Error: Call to undefined function theme_pagination() in C:\wamp64\www\worpress_cansateam\wordpress\wp-content\themes\project\category-product.php:15
Stack trace:
#0 C:\wamp64\www\worpress_cansateam\wordpress\wp-includes\template-loader.php(106): include()
#1 C:\wamp64\www\worpress_cansateam\wordpress\wp-blog-header.php(19): require_once('C:\\wamp64\\www\\w...')
#2 C:\wamp64\www\worpress_cansateam\wordpress\index.php(17): require('C:\\wamp64\\www\\w...')
#3 {main}
  thrown in C:\wamp64\www\worpress_cansateam\wordpress\wp-content\themes\project\category-product.php on line 15

2021-06-17T18:54:31+00:00 CRITICAL Uncaught Error: Call to undefined function woo_pagination() in C:\wamp64\www\worpress_cansateam\wordpress\wp-content\themes\project\category-product.php:15
Stack trace:
#0 C:\wamp64\www\worpress_cansateam\wordpress\wp-includes\template-loader.php(106): include()
#1 C:\wamp64\www\worpress_cansateam\wordpress\wp-blog-header.php(19): require_once('C:\\wamp64\\www\\w...')
#2 C:\wamp64\www\worpress_cansateam\wordpress\index.php(17): require('C:\\wamp64\\www\\w...')
#3 {main}
  thrown in C:\wamp64\www\worpress_cansateam\wordpress\wp-content\themes\project\category-product.php on line 15

2021-06-17T18:55:10+00:00 CRITICAL Uncaught Error: Call to undefined function woo_pagination() in C:\wamp64\www\worpress_cansateam\wordpress\wp-content\themes\project\category-product.php:14
Stack trace:
#0 C:\wamp64\www\worpress_cansateam\wordpress\wp-includes\template-loader.php(106): include()
#1 C:\wamp64\www\worpress_cansateam\wordpress\wp-blog-header.php(19): require_once('C:\\wamp64\\www\\w...')
#2 C:\wamp64\www\worpress_cansateam\wordpress\index.php(17): require('C:\\wamp64\\www\\w...')
#3 {main}
  thrown in C:\wamp64\www\worpress_cansateam\wordpress\wp-content\themes\project\category-product.php on line 14

2021-06-17T18:56:19+00:00 CRITICAL Uncaught Error: Call to undefined function woo_pagination() in C:\wamp64\www\worpress_cansateam\wordpress\wp-content\themes\project\category-product.php:14
Stack trace:
#0 C:\wamp64\www\worpress_cansateam\wordpress\wp-includes\template-loader.php(106): include()
#1 C:\wamp64\www\worpress_cansateam\wordpress\wp-blog-header.php(19): require_once('C:\\wamp64\\www\\w...')
#2 C:\wamp64\www\worpress_cansateam\wordpress\index.php(17): require('C:\\wamp64\\www\\w...')
#3 {main}
  thrown in C:\wamp64\www\worpress_cansateam\wordpress\wp-content\themes\project\category-product.php on line 14

2021-06-17T19:03:22+00:00 CRITICAL Uncaught Error: Cannot use object of type stdClass as array in C:\wamp64\www\worpress_cansateam\wordpress\wp-content\themes\project\category-product.php:14
Stack trace:
#0 C:\wamp64\www\worpress_cansateam\wordpress\wp-includes\template-loader.php(106): include()
#1 C:\wamp64\www\worpress_cansateam\wordpress\wp-blog-header.php(19): require_once('C:\\wamp64\\www\\w...')
#2 C:\wamp64\www\worpress_cansateam\wordpress\index.php(17): require('C:\\wamp64\\www\\w...')
#3 {main}
  thrown in C:\wamp64\www\worpress_cansateam\wordpress\wp-content\themes\project\category-product.php on line 14

2021-06-17T19:03:49+00:00 CRITICAL Uncaught Error: Cannot use object of type stdClass as array in C:\wamp64\www\worpress_cansateam\wordpress\wp-content\themes\project\category-product.php:14
Stack trace:
#0 C:\wamp64\www\worpress_cansateam\wordpress\wp-includes\template-loader.php(106): include()
#1 C:\wamp64\www\worpress_cansateam\wordpress\wp-blog-header.php(19): require_once('C:\\wamp64\\www\\w...')
#2 C:\wamp64\www\worpress_cansateam\wordpress\index.php(17): require('C:\\wamp64\\www\\w...')
#3 {main}
  thrown in C:\wamp64\www\worpress_cansateam\wordpress\wp-content\themes\project\category-product.php on line 14

2021-06-17T19:07:17+00:00 CRITICAL Uncaught Error: Call to a member function get_image_id() on array in C:\wamp64\www\worpress_cansateam\wordpress\wp-content\themes\project\category-product.php:90
Stack trace:
#0 C:\wamp64\www\worpress_cansateam\wordpress\wp-includes\template-loader.php(106): include()
#1 C:\wamp64\www\worpress_cansateam\wordpress\wp-blog-header.php(19): require_once('C:\\wamp64\\www\\w...')
#2 C:\wamp64\www\worpress_cansateam\wordpress\index.php(17): require('C:\\wamp64\\www\\w...')
#3 {main}
  thrown in C:\wamp64\www\worpress_cansateam\wordpress\wp-content\themes\project\category-product.php on line 90

2021-06-17T19:07:48+00:00 CRITICAL Uncaught Error: Call to a member function get_image_id() on array in C:\wamp64\www\worpress_cansateam\wordpress\wp-content\themes\project\category-product.php:90
Stack trace:
#0 C:\wamp64\www\worpress_cansateam\wordpress\wp-includes\template-loader.php(106): include()
#1 C:\wamp64\www\worpress_cansateam\wordpress\wp-blog-header.php(19): require_once('C:\\wamp64\\www\\w...')
#2 C:\wamp64\www\worpress_cansateam\wordpress\index.php(17): require('C:\\wamp64\\www\\w...')
#3 {main}
  thrown in C:\wamp64\www\worpress_cansateam\wordpress\wp-content\themes\project\category-product.php on line 90

2021-06-17T19:11:40+00:00 CRITICAL Uncaught Error: Call to a member function get_regular_price() on null in C:\wamp64\www\worpress_cansateam\wordpress\wp-content\themes\project\category-product.php:100
Stack trace:
#0 C:\wamp64\www\worpress_cansateam\wordpress\wp-includes\template-loader.php(106): include()
#1 C:\wamp64\www\worpress_cansateam\wordpress\wp-blog-header.php(19): require_once('C:\\wamp64\\www\\w...')
#2 C:\wamp64\www\worpress_cansateam\wordpress\index.php(17): require('C:\\wamp64\\www\\w...')
#3 {main}
  thrown in C:\wamp64\www\worpress_cansateam\wordpress\wp-content\themes\project\category-product.php on line 100

2021-06-17T19:12:44+00:00 CRITICAL Uncaught Error: Call to a member function get_regular_price() on null in C:\wamp64\www\worpress_cansateam\wordpress\wp-content\themes\project\category-product.php:100
Stack trace:
#0 C:\wamp64\www\worpress_cansateam\wordpress\wp-includes\template-loader.php(106): include()
#1 C:\wamp64\www\worpress_cansateam\wordpress\wp-blog-header.php(19): require_once('C:\\wamp64\\www\\w...')
#2 C:\wamp64\www\worpress_cansateam\wordpress\index.php(17): require('C:\\wamp64\\www\\w...')
#3 {main}
  thrown in C:\wamp64\www\worpress_cansateam\wordpress\wp-content\themes\project\category-product.php on line 100

2021-06-17T19:12:51+00:00 CRITICAL Uncaught Error: Call to a member function get_regular_price() on null in C:\wamp64\www\worpress_cansateam\wordpress\wp-content\themes\project\category-product.php:100
Stack trace:
#0 C:\wamp64\www\worpress_cansateam\wordpress\wp-includes\template-loader.php(106): include()
#1 C:\wamp64\www\worpress_cansateam\wordpress\wp-blog-header.php(19): require_once('C:\\wamp64\\www\\w...')
#2 C:\wamp64\www\worpress_cansateam\wordpress\index.php(17): require('C:\\wamp64\\www\\w...')
#3 {main}
  thrown in C:\wamp64\www\worpress_cansateam\wordpress\wp-content\themes\project\category-product.php on line 100

2021-06-17T19:37:38+00:00 CRITICAL syntax error, unexpected '}' in C:\wamp64\www\worpress_cansateam\wordpress\wp-content\themes\project\functions.php on line 115

